<?xml version="1.0" encoding="UTF-8"?>
<!-- Generated by org.testng.reporters.JUnitReportReporter -->
<testsuite hostname="DESKTOP-NDNPPD5" failures="0" tests="1" name="Test.TestClass" time="16.347" errors="0" timestamp="2023-11-30T13:43:50 IST" skipped="0">
  <testcase classname="Test.TestClass" name="Test" time="16.347"/>
  <system-out/>
</testsuite> <!-- Test.TestClass -->
